<?xml version="1.0" encoding="UTF-8"?>
<testng-results ignored="0" total="1" passed="1" failed="0" skipped="0">
  <reporter-output>
  </reporter-output>
  <suite started-at="2024-03-25T19:21:38 IST" name="Default suite" finished-at="2024-03-25T19:21:50 IST" duration-ms="12078">
    <groups>
    </groups>
    <test started-at="2024-03-25T19:21:38 IST" name="Default test" finished-at="2024-03-25T19:21:50 IST" duration-ms="12078">
      <class name="WindowHandel.WindowHandelTest">
        <test-method signature="initilize()[pri:0, instance:WindowHandel.WindowHandelTest@bae7dc0]" started-at="2024-03-25T19:21:38 IST" name="initilize" finished-at="2024-03-25T19:21:50 IST" duration-ms="12020" status="PASS">
          <reporter-output>
          </reporter-output>
        </test-method> <!-- initilize -->
      </class> <!-- WindowHandel.WindowHandelTest -->
    </test> <!-- Default test -->
  </suite> <!-- Default suite -->
</testng-results>
